{"/home/jamangueira/programacao/nodejs/web-api-node/src/index.js": {"path":"/home/jamangueira/programacao/nodejs/web-api-node/src/index.js","statementMap":{"0":{"start":{"line":1,"column":13},"end":{"line":1,"column":28}},"1":{"start":{"line":2,"column":13},"end":{"line":2,"column":39}},"2":{"start":{"line":3,"column":20},"end":{"line":3,"column":54}},"3":{"start":{"line":5,"column":13},"end":{"line":5,"column":17}},"4":{"start":{"line":6,"column":23},"end":{"line":6,"column":62}},"5":{"start":{"line":7,"column":20},"end":{"line":7,"column":50}},"6":{"start":{"line":9,"column":15},"end":{"line":46,"column":1}},"7":{"start":{"line":11,"column":23},"end":{"line":11,"column":42}},"8":{"start":{"line":12,"column":23},"end":{"line":12,"column":49}},"9":{"start":{"line":13,"column":8},"end":{"line":13,"column":60}},"10":{"start":{"line":14,"column":8},"end":{"line":14,"column":30}},"11":{"start":{"line":17,"column":8},"end":{"line":40,"column":9}},"12":{"start":{"line":18,"column":12},"end":{"line":39,"column":13}},"13":{"start":{"line":21,"column":29},"end":{"line":21,"column":45}},"14":{"start":{"line":22,"column":29},"end":{"line":22,"column":43}},"15":{"start":{"line":23,"column":41},"end":{"line":23,"column":55}},"16":{"start":{"line":24,"column":16},"end":{"line":30,"column":17}},"17":{"start":{"line":25,"column":20},"end":{"line":25,"column":60}},"18":{"start":{"line":26,"column":20},"end":{"line":26,"column":79}},"19":{"start":{"line":29,"column":20},"end":{"line":29,"column":42}},"20":{"start":{"line":32,"column":27},"end":{"line":32,"column":57}},"21":{"start":{"line":33,"column":16},"end":{"line":33,"column":56}},"22":{"start":{"line":34,"column":16},"end":{"line":34,"column":94}},"23":{"start":{"line":35,"column":16},"end":{"line":35,"column":38}},"24":{"start":{"line":38,"column":16},"end":{"line":38,"column":50}},"25":{"start":{"line":43,"column":8},"end":{"line":43,"column":80}},"26":{"start":{"line":44,"column":8},"end":{"line":44,"column":30}},"27":{"start":{"line":48,"column":20},"end":{"line":56,"column":1}},"28":{"start":{"line":49,"column":4},"end":{"line":55,"column":6}},"29":{"start":{"line":50,"column":8},"end":{"line":50,"column":49}},"30":{"start":{"line":51,"column":8},"end":{"line":51,"column":48}},"31":{"start":{"line":52,"column":8},"end":{"line":52,"column":78}},"32":{"start":{"line":54,"column":8},"end":{"line":54,"column":23}},"33":{"start":{"line":58,"column":16},"end":{"line":71,"column":1}},"34":{"start":{"line":59,"column":28},"end":{"line":59,"column":35}},"35":{"start":{"line":60,"column":31},"end":{"line":60,"column":45}},"36":{"start":{"line":62,"column":4},"end":{"line":62,"column":62}},"37":{"start":{"line":64,"column":16},"end":{"line":64,"column":51}},"38":{"start":{"line":66,"column":4},"end":{"line":66,"column":44}},"39":{"start":{"line":68,"column":19},"end":{"line":68,"column":48}},"40":{"start":{"line":70,"column":4},"end":{"line":70,"column":66}},"41":{"start":{"line":73,"column":12},"end":{"line":74,"column":59}},"42":{"start":{"line":74,"column":20},"end":{"line":74,"column":58}},"43":{"start":{"line":76,"column":0},"end":{"line":76,"column":21}}},"fnMap":{"0":{"name":"(anonymous_0)","decl":{"start":{"line":10,"column":19},"end":{"line":10,"column":20}},"loc":{"start":{"line":10,"column":48},"end":{"line":15,"column":5}},"line":10},"1":{"name":"(anonymous_1)","decl":{"start":{"line":16,"column":20},"end":{"line":16,"column":21}},"loc":{"start":{"line":16,"column":49},"end":{"line":41,"column":5}},"line":16},"2":{"name":"(anonymous_2)","decl":{"start":{"line":42,"column":14},"end":{"line":42,"column":15}},"loc":{"start":{"line":42,"column":43},"end":{"line":45,"column":5}},"line":42},"3":{"name":"(anonymous_3)","decl":{"start":{"line":48,"column":20},"end":{"line":48,"column":21}},"loc":{"start":{"line":48,"column":34},"end":{"line":56,"column":1}},"line":48},"4":{"name":"(anonymous_4)","decl":{"start":{"line":49,"column":11},"end":{"line":49,"column":12}},"loc":{"start":{"line":49,"column":20},"end":{"line":55,"column":5}},"line":49},"5":{"name":"(anonymous_5)","decl":{"start":{"line":58,"column":16},"end":{"line":58,"column":17}},"loc":{"start":{"line":58,"column":39},"end":{"line":71,"column":1}},"line":58},"6":{"name":"(anonymous_6)","decl":{"start":{"line":74,"column":14},"end":{"line":74,"column":15}},"loc":{"start":{"line":74,"column":20},"end":{"line":74,"column":58}},"line":74}},"branchMap":{"0":{"loc":{"start":{"line":24,"column":16},"end":{"line":30,"column":17}},"type":"if","locations":[{"start":{"line":24,"column":16},"end":{"line":30,"column":17}},{"start":{"line":24,"column":16},"end":{"line":30,"column":17}}],"line":24},"1":{"loc":{"start":{"line":62,"column":32},"end":{"line":62,"column":59}},"type":"cond-expr","locations":[{"start":{"line":62,"column":44},"end":{"line":62,"column":46}},{"start":{"line":62,"column":49},"end":{"line":62,"column":59}}],"line":62},"2":{"loc":{"start":{"line":68,"column":19},"end":{"line":68,"column":48}},"type":"binary-expr","locations":[{"start":{"line":68,"column":19},"end":{"line":68,"column":30}},{"start":{"line":68,"column":34},"end":{"line":68,"column":48}}],"line":68}},"s":{"0":1,"1":1,"2":1,"3":1,"4":1,"5":1,"6":1,"7":2,"8":2,"9":2,"10":2,"11":2,"12":2,"13":2,"14":2,"15":2,"16":2,"17":1,"18":1,"19":1,"20":1,"21":1,"22":1,"23":1,"24":0,"25":1,"26":1,"27":1,"28":5,"29":0,"30":0,"31":0,"32":0,"33":1,"34":5,"35":5,"36":5,"37":5,"38":5,"39":5,"40":5,"41":1,"42":1,"43":1},"f":{"0":2,"1":2,"2":1,"3":5,"4":0,"5":5,"6":1},"b":{"0":[1,1],"1":[4,1],"2":[5,1]},"_coverageSchema":"1a1c01bbd47fc00a2c39e90264f33305004495a9","hash":"915db078270cd49f413ce5cb723b96e3404fe516","contentHash":"bcb415e12c1b5312ed2d868a4aa230bc78f8707852e62e62953138777903bca0"}
,"/home/jamangueira/programacao/nodejs/web-api-node/src/entities/hero.js": {"path":"/home/jamangueira/programacao/nodejs/web-api-node/src/entities/hero.js","statementMap":{"0":{"start":{"line":3,"column":8},"end":{"line":3,"column":63}},"1":{"start":{"line":4,"column":8},"end":{"line":4,"column":25}},"2":{"start":{"line":5,"column":8},"end":{"line":5,"column":23}},"3":{"start":{"line":6,"column":8},"end":{"line":6,"column":27}},"4":{"start":{"line":10,"column":30},"end":{"line":10,"column":62}},"5":{"start":{"line":11,"column":30},"end":{"line":13,"column":37}},"6":{"start":{"line":12,"column":32},"end":{"line":12,"column":85}},"7":{"start":{"line":13,"column":30},"end":{"line":13,"column":36}},"8":{"start":{"line":15,"column":8},"end":{"line":18,"column":9}},"9":{"start":{"line":23,"column":0},"end":{"line":23,"column":22}}},"fnMap":{"0":{"name":"(anonymous_0)","decl":{"start":{"line":2,"column":4},"end":{"line":2,"column":5}},"loc":{"start":{"line":2,"column":42},"end":{"line":7,"column":5}},"line":2},"1":{"name":"(anonymous_1)","decl":{"start":{"line":9,"column":4},"end":{"line":9,"column":5}},"loc":{"start":{"line":9,"column":14},"end":{"line":20,"column":5}},"line":9},"2":{"name":"(anonymous_2)","decl":{"start":{"line":12,"column":17},"end":{"line":12,"column":18}},"loc":{"start":{"line":12,"column":32},"end":{"line":12,"column":85}},"line":12},"3":{"name":"(anonymous_3)","decl":{"start":{"line":13,"column":20},"end":{"line":13,"column":21}},"loc":{"start":{"line":13,"column":30},"end":{"line":13,"column":36}},"line":13}},"branchMap":{"0":{"loc":{"start":{"line":12,"column":32},"end":{"line":12,"column":85}},"type":"cond-expr","locations":[{"start":{"line":12,"column":53},"end":{"line":12,"column":57}},{"start":{"line":12,"column":60},"end":{"line":12,"column":85}}],"line":12}},"s":{"0":2,"1":2,"2":2,"3":2,"4":2,"5":2,"6":8,"7":8,"8":2,"9":1},"f":{"0":2,"1":2,"2":8,"3":8},"b":{"0":[7,1]},"_coverageSchema":"1a1c01bbd47fc00a2c39e90264f33305004495a9","hash":"141a46e24492feb5ef66e458bcdf097bd0adcb1e","contentHash":"6f312b8161758d715458c0f6d566f8169694c0504375e8a626e210a6bc2d7896"}
,"/home/jamangueira/programacao/nodejs/web-api-node/src/factories/heroFactory.js": {"path":"/home/jamangueira/programacao/nodejs/web-api-node/src/factories/heroFactory.js","statementMap":{"0":{"start":{"line":1,"column":23},"end":{"line":1,"column":64}},"1":{"start":{"line":2,"column":20},"end":{"line":2,"column":56}},"2":{"start":{"line":4,"column":17},"end":{"line":4,"column":32}},"3":{"start":{"line":5,"column":17},"end":{"line":5,"column":63}},"4":{"start":{"line":7,"column":25},"end":{"line":17,"column":1}},"5":{"start":{"line":8,"column":27},"end":{"line":10,"column":6}},"6":{"start":{"line":12,"column":24},"end":{"line":14,"column":6}},"7":{"start":{"line":16,"column":4},"end":{"line":16,"column":23}},"8":{"start":{"line":19,"column":0},"end":{"line":19,"column":38}}},"fnMap":{"0":{"name":"(anonymous_0)","decl":{"start":{"line":7,"column":25},"end":{"line":7,"column":26}},"loc":{"start":{"line":7,"column":31},"end":{"line":17,"column":1}},"line":7}},"branchMap":{},"s":{"0":1,"1":1,"2":1,"3":1,"4":1,"5":1,"6":1,"7":1,"8":1},"f":{"0":1},"b":{},"_coverageSchema":"1a1c01bbd47fc00a2c39e90264f33305004495a9","hash":"ec64c878a2b0051bb4a0dcd675faf9e8e6368687","contentHash":"3f91763f60b1841b77d98963c5dcfad8b06d5eae1ff9c3d0ee6395208844fd75"}
,"/home/jamangueira/programacao/nodejs/web-api-node/src/repositories/heroRepository.js": {"path":"/home/jamangueira/programacao/nodejs/web-api-node/src/repositories/heroRepository.js","statementMap":{"0":{"start":{"line":1,"column":32},"end":{"line":1,"column":54}},"1":{"start":{"line":5,"column":8},"end":{"line":5,"column":25}},"2":{"start":{"line":9,"column":8},"end":{"line":9,"column":53}},"3":{"start":{"line":13,"column":20},"end":{"line":13,"column":51}},"4":{"start":{"line":14,"column":8},"end":{"line":16,"column":9}},"5":{"start":{"line":15,"column":12},"end":{"line":15,"column":23}},"6":{"start":{"line":18,"column":8},"end":{"line":18,"column":52}},"7":{"start":{"line":18,"column":36},"end":{"line":18,"column":49}},"8":{"start":{"line":22,"column":28},"end":{"line":22,"column":59}},"9":{"start":{"line":23,"column":8},"end":{"line":23,"column":31}},"10":{"start":{"line":25,"column":8},"end":{"line":25,"column":64}},"11":{"start":{"line":27,"column":8},"end":{"line":27,"column":23}},"12":{"start":{"line":31,"column":0},"end":{"line":31,"column":32}}},"fnMap":{"0":{"name":"(anonymous_0)","decl":{"start":{"line":4,"column":4},"end":{"line":4,"column":5}},"loc":{"start":{"line":4,"column":26},"end":{"line":6,"column":5}},"line":4},"1":{"name":"(anonymous_1)","decl":{"start":{"line":8,"column":4},"end":{"line":8,"column":5}},"loc":{"start":{"line":8,"column":31},"end":{"line":10,"column":5}},"line":8},"2":{"name":"(anonymous_2)","decl":{"start":{"line":12,"column":4},"end":{"line":12,"column":5}},"loc":{"start":{"line":12,"column":23},"end":{"line":19,"column":5}},"line":12},"3":{"name":"(anonymous_3)","decl":{"start":{"line":18,"column":24},"end":{"line":18,"column":25}},"loc":{"start":{"line":18,"column":36},"end":{"line":18,"column":49}},"line":18},"4":{"name":"(anonymous_4)","decl":{"start":{"line":21,"column":4},"end":{"line":21,"column":5}},"loc":{"start":{"line":21,"column":23},"end":{"line":28,"column":5}},"line":21}},"branchMap":{"0":{"loc":{"start":{"line":14,"column":8},"end":{"line":16,"column":9}},"type":"if","locations":[{"start":{"line":14,"column":8},"end":{"line":16,"column":9}},{"start":{"line":14,"column":8},"end":{"line":16,"column":9}}],"line":14}},"s":{"0":1,"1":1,"2":3,"3":2,"4":2,"5":1,"6":1,"7":1,"8":1,"9":1,"10":1,"11":1,"12":1},"f":{"0":1,"1":3,"2":2,"3":1,"4":1},"b":{"0":[1,1]},"_coverageSchema":"1a1c01bbd47fc00a2c39e90264f33305004495a9","hash":"cbd216ec4d638f18749ff53d1bc3e35e2275f47f","contentHash":"1edacc6c3df00e39510cd770b08e3fac520d179f9bc273870aed2eec20464fa6"}
,"/home/jamangueira/programacao/nodejs/web-api-node/src/services/heroService.js": {"path":"/home/jamangueira/programacao/nodejs/web-api-node/src/services/heroService.js","statementMap":{"0":{"start":{"line":3,"column":8},"end":{"line":3,"column":45}},"1":{"start":{"line":7,"column":8},"end":{"line":7,"column":48}},"2":{"start":{"line":11,"column":8},"end":{"line":11,"column":48}},"3":{"start":{"line":15,"column":0},"end":{"line":15,"column":29}}},"fnMap":{"0":{"name":"(anonymous_0)","decl":{"start":{"line":2,"column":4},"end":{"line":2,"column":5}},"loc":{"start":{"line":2,"column":36},"end":{"line":4,"column":5}},"line":2},"1":{"name":"(anonymous_1)","decl":{"start":{"line":6,"column":4},"end":{"line":6,"column":5}},"loc":{"start":{"line":6,"column":23},"end":{"line":8,"column":5}},"line":6},"2":{"name":"(anonymous_2)","decl":{"start":{"line":10,"column":4},"end":{"line":10,"column":5}},"loc":{"start":{"line":10,"column":23},"end":{"line":12,"column":5}},"line":10}},"branchMap":{},"s":{"0":1,"1":2,"2":1,"3":1},"f":{"0":1,"1":2,"2":1},"b":{},"_coverageSchema":"1a1c01bbd47fc00a2c39e90264f33305004495a9","hash":"98a8c297485cd71d116bc7f5f15103749ff8c6dd","contentHash":"5cbe2d55c1fe19079baf71aa5c54332baaad473f68108b555898431f93a9ac2a"}
}
